<?xml version="1.0" encoding="UTF-8"?>
<!-- Generated by org.testng.reporters.JUnitReportReporter -->
<testsuite skipped="0" hostname="DELL-PC" name="com.qa.testcases.TestCases" tests="1" failures="0" timestamp="26 Aug 2021 19:03:05 GMT" time="29.847" errors="0">
  <testcase name="getTitle" time="29.847" classname="com.qa.testcases.TestCases"/>
</testsuite> <!-- com.qa.testcases.TestCases -->
